DEBUG [2014-04-07 07:33:57,495] edu.sjsu.cmpe.library.LibraryService: library-a - Queue name is /queue/99999.book.orders. Topic name is /topic/99999.book.*
WARN  [2014-04-07 07:33:57,513] com.yammer.dropwizard.config.ServerFactory: 
!!!!!!!!!!!!!!!!!!!!!!!!!!!!!!!!!!!!!!!!!!!!!!!!!!!!!!!!!!!!!!!!!!!!!!!!!!!!!!!!
!!!!!!!!!!!!!!!!!!!!!!!!!!!!!!!!!!!!!!!!!!!!!!!!!!!!!!!!!!!!!!!!!!!!!!!!!!!!!!!!
!    THIS SERVICE HAS NO HEALTHCHECKS. THIS MEANS YOU WILL NEVER KNOW IF IT    !
!    DIES IN PRODUCTION, WHICH MEANS YOU WILL NEVER KNOW IF YOU'RE LETTING     !
!     YOUR USERS DOWN. YOU SHOULD ADD A HEALTHCHECK FOR EACH DEPENDENCY OF     !
!     YOUR SERVICE WHICH FULLY (BUT LIGHTLY) TESTS YOUR SERVICE'S ABILITY TO   !
!      USE THAT SERVICE. THINK OF IT AS A CONTINUOUS INTEGRATION TEST.         !
!!!!!!!!!!!!!!!!!!!!!!!!!!!!!!!!!!!!!!!!!!!!!!!!!!!!!!!!!!!!!!!!!!!!!!!!!!!!!!!!
!!!!!!!!!!!!!!!!!!!!!!!!!!!!!!!!!!!!!!!!!!!!!!!!!!!!!!!!!!!!!!!!!!!!!!!!!!!!!!!!
INFO  [2014-04-07 07:33:57,579] com.yammer.dropwizard.cli.ServerCommand: Starting library-service
INFO  [2014-04-07 07:33:57,581] org.eclipse.jetty.server.Server: jetty-8.1.10.v20130312
INFO  [2014-04-07 07:33:57,666] com.sun.jersey.server.impl.application.WebApplicationImpl: Initiating Jersey application, version 'Jersey: 1.17.1 02/28/2013 12:47 PM'
INFO  [2014-04-07 07:33:57,730] com.yammer.dropwizard.config.Environment: The following paths were found for the configured resources:

    DELETE  /library/v1/books/{isbn} (edu.sjsu.cmpe.library.api.resources.BookResource)
    GET     /library/v1/books/ (edu.sjsu.cmpe.library.api.resources.BookResource)
    GET     /library/v1/books/{isbn} (edu.sjsu.cmpe.library.api.resources.BookResource)
    POST    /library/v1/books (edu.sjsu.cmpe.library.api.resources.BookResource)
    PUT     /library/v1/books/{isbn} (edu.sjsu.cmpe.library.api.resources.BookResource)
    GET     /library/ (edu.sjsu.cmpe.library.ui.resources.HomeResource)
    GET     /library/v1/ (edu.sjsu.cmpe.library.api.resources.RootResource)

INFO  [2014-04-07 07:33:57,730] com.yammer.dropwizard.config.Environment: tasks = 

    POST    /tasks/gc (com.yammer.dropwizard.tasks.GarbageCollectionTask)

WARN  [2014-04-07 07:33:58,027] com.sun.jersey.spi.inject.Errors: The following warnings have been detected with resource and/or provider classes:
  WARNING: A sub-resource method, public edu.sjsu.cmpe.library.dto.BooksDto edu.sjsu.cmpe.library.api.resources.BookResource.getAllBooks(), with URI template, "/", is treated as a resource method
INFO  [2014-04-07 07:33:58,033] org.eclipse.jetty.server.AbstractConnector: Started InstrumentedBlockingChannelConnector@0.0.0.0:8001
WARN  [2014-04-07 07:33:58,036] org.eclipse.jetty.server.AbstractConnector: insufficient threads configured for SocketConnector@0.0.0.0:9001
INFO  [2014-04-07 07:33:58,036] org.eclipse.jetty.server.AbstractConnector: Started SocketConnector@0.0.0.0:9001
DEBUG [2014-04-07 07:39:06,899] edu.sjsu.cmpe.library.LibraryService: library-a - Queue name is /queue/99999.book.orders. Topic name is /topic/99999.book.*
WARN  [2014-04-07 07:39:06,915] com.yammer.dropwizard.config.ServerFactory: 
!!!!!!!!!!!!!!!!!!!!!!!!!!!!!!!!!!!!!!!!!!!!!!!!!!!!!!!!!!!!!!!!!!!!!!!!!!!!!!!!
!!!!!!!!!!!!!!!!!!!!!!!!!!!!!!!!!!!!!!!!!!!!!!!!!!!!!!!!!!!!!!!!!!!!!!!!!!!!!!!!
!    THIS SERVICE HAS NO HEALTHCHECKS. THIS MEANS YOU WILL NEVER KNOW IF IT    !
!    DIES IN PRODUCTION, WHICH MEANS YOU WILL NEVER KNOW IF YOU'RE LETTING     !
!     YOUR USERS DOWN. YOU SHOULD ADD A HEALTHCHECK FOR EACH DEPENDENCY OF     !
!     YOUR SERVICE WHICH FULLY (BUT LIGHTLY) TESTS YOUR SERVICE'S ABILITY TO   !
!      USE THAT SERVICE. THINK OF IT AS A CONTINUOUS INTEGRATION TEST.         !
!!!!!!!!!!!!!!!!!!!!!!!!!!!!!!!!!!!!!!!!!!!!!!!!!!!!!!!!!!!!!!!!!!!!!!!!!!!!!!!!
!!!!!!!!!!!!!!!!!!!!!!!!!!!!!!!!!!!!!!!!!!!!!!!!!!!!!!!!!!!!!!!!!!!!!!!!!!!!!!!!
INFO  [2014-04-07 07:39:06,975] com.yammer.dropwizard.cli.ServerCommand: Starting library-service
INFO  [2014-04-07 07:39:06,977] org.eclipse.jetty.server.Server: jetty-8.1.10.v20130312
INFO  [2014-04-07 07:39:07,065] com.sun.jersey.server.impl.application.WebApplicationImpl: Initiating Jersey application, version 'Jersey: 1.17.1 02/28/2013 12:47 PM'
INFO  [2014-04-07 07:39:07,126] com.yammer.dropwizard.config.Environment: The following paths were found for the configured resources:

    DELETE  /library/v1/books/{isbn} (edu.sjsu.cmpe.library.api.resources.BookResource)
    GET     /library/v1/books/ (edu.sjsu.cmpe.library.api.resources.BookResource)
    GET     /library/v1/books/{isbn} (edu.sjsu.cmpe.library.api.resources.BookResource)
    POST    /library/v1/books (edu.sjsu.cmpe.library.api.resources.BookResource)
    PUT     /library/v1/books/{isbn} (edu.sjsu.cmpe.library.api.resources.BookResource)
    GET     /library/ (edu.sjsu.cmpe.library.ui.resources.HomeResource)
    GET     /library/v1/ (edu.sjsu.cmpe.library.api.resources.RootResource)

INFO  [2014-04-07 07:39:07,126] com.yammer.dropwizard.config.Environment: tasks = 

    POST    /tasks/gc (com.yammer.dropwizard.tasks.GarbageCollectionTask)

WARN  [2014-04-07 07:39:07,413] com.sun.jersey.spi.inject.Errors: The following warnings have been detected with resource and/or provider classes:
  WARNING: A sub-resource method, public edu.sjsu.cmpe.library.dto.BooksDto edu.sjsu.cmpe.library.api.resources.BookResource.getAllBooks(), with URI template, "/", is treated as a resource method
INFO  [2014-04-07 07:39:07,417] org.eclipse.jetty.server.AbstractConnector: Started InstrumentedBlockingChannelConnector@0.0.0.0:8001
INFO  [2014-04-07 07:39:07,418] org.eclipse.jetty.server.AbstractConnector: Started SocketConnector@0.0.0.0:9001
DEBUG [2014-04-07 07:49:37,221] edu.sjsu.cmpe.library.LibraryService: library-a - Queue name is /queue/99999.book.orders. Topic name is /topic/99999.book.*
WARN  [2014-04-07 07:49:37,239] com.yammer.dropwizard.config.ServerFactory: 
!!!!!!!!!!!!!!!!!!!!!!!!!!!!!!!!!!!!!!!!!!!!!!!!!!!!!!!!!!!!!!!!!!!!!!!!!!!!!!!!
!!!!!!!!!!!!!!!!!!!!!!!!!!!!!!!!!!!!!!!!!!!!!!!!!!!!!!!!!!!!!!!!!!!!!!!!!!!!!!!!
!    THIS SERVICE HAS NO HEALTHCHECKS. THIS MEANS YOU WILL NEVER KNOW IF IT    !
!    DIES IN PRODUCTION, WHICH MEANS YOU WILL NEVER KNOW IF YOU'RE LETTING     !
!     YOUR USERS DOWN. YOU SHOULD ADD A HEALTHCHECK FOR EACH DEPENDENCY OF     !
!     YOUR SERVICE WHICH FULLY (BUT LIGHTLY) TESTS YOUR SERVICE'S ABILITY TO   !
!      USE THAT SERVICE. THINK OF IT AS A CONTINUOUS INTEGRATION TEST.         !
!!!!!!!!!!!!!!!!!!!!!!!!!!!!!!!!!!!!!!!!!!!!!!!!!!!!!!!!!!!!!!!!!!!!!!!!!!!!!!!!
!!!!!!!!!!!!!!!!!!!!!!!!!!!!!!!!!!!!!!!!!!!!!!!!!!!!!!!!!!!!!!!!!!!!!!!!!!!!!!!!
INFO  [2014-04-07 07:49:37,340] com.yammer.dropwizard.cli.ServerCommand: Starting library-service
INFO  [2014-04-07 07:49:37,342] org.eclipse.jetty.server.Server: jetty-8.1.10.v20130312
INFO  [2014-04-07 07:49:37,416] com.sun.jersey.server.impl.application.WebApplicationImpl: Initiating Jersey application, version 'Jersey: 1.17.1 02/28/2013 12:47 PM'
INFO  [2014-04-07 07:49:37,470] com.yammer.dropwizard.config.Environment: The following paths were found for the configured resources:

    DELETE  /library/v1/books/{isbn} (edu.sjsu.cmpe.library.api.resources.BookResource)
    GET     /library/v1/books/ (edu.sjsu.cmpe.library.api.resources.BookResource)
    GET     /library/v1/books/{isbn} (edu.sjsu.cmpe.library.api.resources.BookResource)
    POST    /library/v1/books (edu.sjsu.cmpe.library.api.resources.BookResource)
    PUT     /library/v1/books/{isbn} (edu.sjsu.cmpe.library.api.resources.BookResource)
    GET     /library/ (edu.sjsu.cmpe.library.ui.resources.HomeResource)
    GET     /library/v1/ (edu.sjsu.cmpe.library.api.resources.RootResource)

INFO  [2014-04-07 07:49:37,470] com.yammer.dropwizard.config.Environment: tasks = 

    POST    /tasks/gc (com.yammer.dropwizard.tasks.GarbageCollectionTask)

WARN  [2014-04-07 07:49:37,742] com.sun.jersey.spi.inject.Errors: The following warnings have been detected with resource and/or provider classes:
  WARNING: A sub-resource method, public edu.sjsu.cmpe.library.dto.BooksDto edu.sjsu.cmpe.library.api.resources.BookResource.getAllBooks(), with URI template, "/", is treated as a resource method
WARN  [2014-04-07 07:49:37,749] org.eclipse.jetty.util.component.AbstractLifeCycle: FAILED InstrumentedBlockingChannelConnector@0.0.0.0:8001: java.net.BindException: Address already in use: bind
! java.net.BindException: Address already in use: bind
! at sun.nio.ch.Net.bind0(Native Method) ~[na:1.7.0-ea]
! at sun.nio.ch.Net.bind(Net.java:324) ~[na:1.7.0-ea]
! at sun.nio.ch.Net.bind(Net.java:316) ~[na:1.7.0-ea]
! at sun.nio.ch.ServerSocketChannelImpl.bind(ServerSocketChannelImpl.java:196) ~[na:1.7.0-ea]
! at sun.nio.ch.ServerSocketAdaptor.bind(ServerSocketAdaptor.java:74) ~[na:1.7.0-ea]
! at org.eclipse.jetty.server.nio.BlockingChannelConnector.open(BlockingChannelConnector.java:127) ~[jetty-server-8.1.10.v20130312.jar:8.1.10.v20130312]
! at org.eclipse.jetty.server.AbstractConnector.doStart(AbstractConnector.java:316) ~[jetty-server-8.1.10.v20130312.jar:8.1.10.v20130312]
! at org.eclipse.jetty.server.nio.BlockingChannelConnector.doStart(BlockingChannelConnector.java:85) ~[jetty-server-8.1.10.v20130312.jar:8.1.10.v20130312]
! at org.eclipse.jetty.util.component.AbstractLifeCycle.start(AbstractLifeCycle.java:64) [jetty-util-8.1.10.v20130312.jar:8.1.10.v20130312]
! at org.eclipse.jetty.server.Server.doStart(Server.java:291) [jetty-server-8.1.10.v20130312.jar:8.1.10.v20130312]
! at org.eclipse.jetty.util.component.AbstractLifeCycle.start(AbstractLifeCycle.java:64) [jetty-util-8.1.10.v20130312.jar:8.1.10.v20130312]
! at com.yammer.dropwizard.cli.ServerCommand.run(ServerCommand.java:48) [dropwizard-core-0.6.2.jar:na]
! at com.yammer.dropwizard.cli.EnvironmentCommand.run(EnvironmentCommand.java:39) [dropwizard-core-0.6.2.jar:na]
! at com.yammer.dropwizard.cli.ConfiguredCommand.run(ConfiguredCommand.java:58) [dropwizard-core-0.6.2.jar:na]
! at com.yammer.dropwizard.cli.Cli.run(Cli.java:53) [dropwizard-core-0.6.2.jar:na]
! at com.yammer.dropwizard.Service.run(Service.java:61) [dropwizard-core-0.6.2.jar:na]
! at edu.sjsu.cmpe.library.LibraryService.main(LibraryService.java:59) [classes/:na]
WARN  [2014-04-07 07:49:37,750] org.eclipse.jetty.util.component.AbstractLifeCycle: FAILED SocketConnector@0.0.0.0:9001: java.net.BindException: Address already in use: JVM_Bind
! java.net.BindException: Address already in use: JVM_Bind
! at java.net.DualStackPlainSocketImpl.bind0(Native Method) ~[na:1.7.0-ea]
! at java.net.DualStackPlainSocketImpl.socketBind(DualStackPlainSocketImpl.java:96) ~[na:1.7.0-ea]
! at java.net.AbstractPlainSocketImpl.bind(AbstractPlainSocketImpl.java:353) ~[na:1.7.0-ea]
! at java.net.PlainSocketImpl.bind(PlainSocketImpl.java:172) ~[na:1.7.0-ea]
! at java.net.ServerSocket.bind(ServerSocket.java:367) ~[na:1.7.0-ea]
! at java.net.ServerSocket.<init>(ServerSocket.java:228) ~[na:1.7.0-ea]
! at java.net.ServerSocket.<init>(ServerSocket.java:172) ~[na:1.7.0-ea]
! at org.eclipse.jetty.server.bio.SocketConnector.newServerSocket(SocketConnector.java:96) ~[jetty-server-8.1.10.v20130312.jar:8.1.10.v20130312]
! at org.eclipse.jetty.server.bio.SocketConnector.open(SocketConnector.java:85) ~[jetty-server-8.1.10.v20130312.jar:8.1.10.v20130312]
! at org.eclipse.jetty.server.AbstractConnector.doStart(AbstractConnector.java:316) ~[jetty-server-8.1.10.v20130312.jar:8.1.10.v20130312]
! at org.eclipse.jetty.server.bio.SocketConnector.doStart(SocketConnector.java:156) ~[jetty-server-8.1.10.v20130312.jar:8.1.10.v20130312]
! at org.eclipse.jetty.util.component.AbstractLifeCycle.start(AbstractLifeCycle.java:64) [jetty-util-8.1.10.v20130312.jar:8.1.10.v20130312]
! at org.eclipse.jetty.server.Server.doStart(Server.java:291) [jetty-server-8.1.10.v20130312.jar:8.1.10.v20130312]
! at org.eclipse.jetty.util.component.AbstractLifeCycle.start(AbstractLifeCycle.java:64) [jetty-util-8.1.10.v20130312.jar:8.1.10.v20130312]
! at com.yammer.dropwizard.cli.ServerCommand.run(ServerCommand.java:48) [dropwizard-core-0.6.2.jar:na]
! at com.yammer.dropwizard.cli.EnvironmentCommand.run(EnvironmentCommand.java:39) [dropwizard-core-0.6.2.jar:na]
! at com.yammer.dropwizard.cli.ConfiguredCommand.run(ConfiguredCommand.java:58) [dropwizard-core-0.6.2.jar:na]
! at com.yammer.dropwizard.cli.Cli.run(Cli.java:53) [dropwizard-core-0.6.2.jar:na]
! at com.yammer.dropwizard.Service.run(Service.java:61) [dropwizard-core-0.6.2.jar:na]
! at edu.sjsu.cmpe.library.LibraryService.main(LibraryService.java:59) [classes/:na]
WARN  [2014-04-07 07:49:37,750] org.eclipse.jetty.util.component.AbstractLifeCycle: FAILED org.eclipse.jetty.server.Server@a4effe: MultiException[java.net.BindException: Address already in use: bind, java.net.BindException: Address already in use: JVM_Bind]
! org.eclipse.jetty.util.MultiException: Multiple exceptions
! at org.eclipse.jetty.server.Server.doStart(Server.java:273) ~[jetty-server-8.1.10.v20130312.jar:8.1.10.v20130312]
! at org.eclipse.jetty.util.component.AbstractLifeCycle.start(AbstractLifeCycle.java:64) ~[jetty-util-8.1.10.v20130312.jar:8.1.10.v20130312]
! at com.yammer.dropwizard.cli.ServerCommand.run(ServerCommand.java:48) [dropwizard-core-0.6.2.jar:na]
! at com.yammer.dropwizard.cli.EnvironmentCommand.run(EnvironmentCommand.java:39) [dropwizard-core-0.6.2.jar:na]
! at com.yammer.dropwizard.cli.ConfiguredCommand.run(ConfiguredCommand.java:58) [dropwizard-core-0.6.2.jar:na]
! at com.yammer.dropwizard.cli.Cli.run(Cli.java:53) [dropwizard-core-0.6.2.jar:na]
! at com.yammer.dropwizard.Service.run(Service.java:61) [dropwizard-core-0.6.2.jar:na]
! at edu.sjsu.cmpe.library.LibraryService.main(LibraryService.java:59) [classes/:na]
ERROR [2014-04-07 07:49:37,750] com.yammer.dropwizard.cli.ServerCommand: Unable to start server, shutting down
! org.eclipse.jetty.util.MultiException: Multiple exceptions
! at org.eclipse.jetty.server.Server.doStart(Server.java:273) ~[jetty-server-8.1.10.v20130312.jar:8.1.10.v20130312]
! at org.eclipse.jetty.util.component.AbstractLifeCycle.start(AbstractLifeCycle.java:64) ~[jetty-util-8.1.10.v20130312.jar:8.1.10.v20130312]
! at com.yammer.dropwizard.cli.ServerCommand.run(ServerCommand.java:48) ~[dropwizard-core-0.6.2.jar:na]
! at com.yammer.dropwizard.cli.EnvironmentCommand.run(EnvironmentCommand.java:39) [dropwizard-core-0.6.2.jar:na]
! at com.yammer.dropwizard.cli.ConfiguredCommand.run(ConfiguredCommand.java:58) [dropwizard-core-0.6.2.jar:na]
! at com.yammer.dropwizard.cli.Cli.run(Cli.java:53) [dropwizard-core-0.6.2.jar:na]
! at com.yammer.dropwizard.Service.run(Service.java:61) [dropwizard-core-0.6.2.jar:na]
! at edu.sjsu.cmpe.library.LibraryService.main(LibraryService.java:59) [classes/:na]
INFO  [2014-04-07 07:49:37,751] org.eclipse.jetty.server.Server: Graceful shutdown SocketConnector@0.0.0.0:9001
INFO  [2014-04-07 07:49:37,751] org.eclipse.jetty.server.Server: Graceful shutdown InstrumentedBlockingChannelConnector@0.0.0.0:8001
INFO  [2014-04-07 07:49:37,751] org.eclipse.jetty.server.Server: Graceful shutdown o.e.j.s.ServletContextHandler{/,null}
INFO  [2014-04-07 07:49:37,751] org.eclipse.jetty.server.Server: Graceful shutdown o.e.j.s.ServletContextHandler{/,file:/C:/Users/Sony/Documents/GitHub/cmpe273-assignment2/library/target/classes/}
INFO  [2014-04-07 07:49:39,752] org.eclipse.jetty.server.handler.ContextHandler: stopped o.e.j.s.ServletContextHandler{/,file:/C:/Users/Sony/Documents/GitHub/cmpe273-assignment2/library/target/classes/}
INFO  [2014-04-07 07:49:39,752] org.eclipse.jetty.server.handler.ContextHandler: stopped o.e.j.s.ServletContextHandler{/,null}
DEBUG [2014-04-07 07:49:50,183] edu.sjsu.cmpe.library.LibraryService: library-a - Queue name is /queue/99999.book.orders. Topic name is /topic/99999.book.*
WARN  [2014-04-07 07:49:50,205] com.yammer.dropwizard.config.ServerFactory: 
!!!!!!!!!!!!!!!!!!!!!!!!!!!!!!!!!!!!!!!!!!!!!!!!!!!!!!!!!!!!!!!!!!!!!!!!!!!!!!!!
!!!!!!!!!!!!!!!!!!!!!!!!!!!!!!!!!!!!!!!!!!!!!!!!!!!!!!!!!!!!!!!!!!!!!!!!!!!!!!!!
!    THIS SERVICE HAS NO HEALTHCHECKS. THIS MEANS YOU WILL NEVER KNOW IF IT    !
!    DIES IN PRODUCTION, WHICH MEANS YOU WILL NEVER KNOW IF YOU'RE LETTING     !
!     YOUR USERS DOWN. YOU SHOULD ADD A HEALTHCHECK FOR EACH DEPENDENCY OF     !
!     YOUR SERVICE WHICH FULLY (BUT LIGHTLY) TESTS YOUR SERVICE'S ABILITY TO   !
!      USE THAT SERVICE. THINK OF IT AS A CONTINUOUS INTEGRATION TEST.         !
!!!!!!!!!!!!!!!!!!!!!!!!!!!!!!!!!!!!!!!!!!!!!!!!!!!!!!!!!!!!!!!!!!!!!!!!!!!!!!!!
!!!!!!!!!!!!!!!!!!!!!!!!!!!!!!!!!!!!!!!!!!!!!!!!!!!!!!!!!!!!!!!!!!!!!!!!!!!!!!!!
INFO  [2014-04-07 07:49:50,266] com.yammer.dropwizard.cli.ServerCommand: Starting library-service
INFO  [2014-04-07 07:49:50,268] org.eclipse.jetty.server.Server: jetty-8.1.10.v20130312
INFO  [2014-04-07 07:49:50,344] com.sun.jersey.server.impl.application.WebApplicationImpl: Initiating Jersey application, version 'Jersey: 1.17.1 02/28/2013 12:47 PM'
INFO  [2014-04-07 07:49:50,401] com.yammer.dropwizard.config.Environment: The following paths were found for the configured resources:

    DELETE  /library/v1/books/{isbn} (edu.sjsu.cmpe.library.api.resources.BookResource)
    GET     /library/v1/books/ (edu.sjsu.cmpe.library.api.resources.BookResource)
    GET     /library/v1/books/{isbn} (edu.sjsu.cmpe.library.api.resources.BookResource)
    POST    /library/v1/books (edu.sjsu.cmpe.library.api.resources.BookResource)
    PUT     /library/v1/books/{isbn} (edu.sjsu.cmpe.library.api.resources.BookResource)
    GET     /library/ (edu.sjsu.cmpe.library.ui.resources.HomeResource)
    GET     /library/v1/ (edu.sjsu.cmpe.library.api.resources.RootResource)

INFO  [2014-04-07 07:49:50,401] com.yammer.dropwizard.config.Environment: tasks = 

    POST    /tasks/gc (com.yammer.dropwizard.tasks.GarbageCollectionTask)

WARN  [2014-04-07 07:49:50,662] com.sun.jersey.spi.inject.Errors: The following warnings have been detected with resource and/or provider classes:
  WARNING: A sub-resource method, public edu.sjsu.cmpe.library.dto.BooksDto edu.sjsu.cmpe.library.api.resources.BookResource.getAllBooks(), with URI template, "/", is treated as a resource method
INFO  [2014-04-07 07:49:50,667] org.eclipse.jetty.server.AbstractConnector: Started InstrumentedBlockingChannelConnector@0.0.0.0:8001
INFO  [2014-04-07 07:49:50,669] org.eclipse.jetty.server.AbstractConnector: Started SocketConnector@0.0.0.0:9001
DEBUG [2014-04-07 07:56:47,658] edu.sjsu.cmpe.library.LibraryService: library-a - Queue name is /queue/99999.book.orders. Topic name is /topic/99999.book.*
WARN  [2014-04-07 07:56:47,678] com.yammer.dropwizard.config.ServerFactory: 
!!!!!!!!!!!!!!!!!!!!!!!!!!!!!!!!!!!!!!!!!!!!!!!!!!!!!!!!!!!!!!!!!!!!!!!!!!!!!!!!
!!!!!!!!!!!!!!!!!!!!!!!!!!!!!!!!!!!!!!!!!!!!!!!!!!!!!!!!!!!!!!!!!!!!!!!!!!!!!!!!
!    THIS SERVICE HAS NO HEALTHCHECKS. THIS MEANS YOU WILL NEVER KNOW IF IT    !
!    DIES IN PRODUCTION, WHICH MEANS YOU WILL NEVER KNOW IF YOU'RE LETTING     !
!     YOUR USERS DOWN. YOU SHOULD ADD A HEALTHCHECK FOR EACH DEPENDENCY OF     !
!     YOUR SERVICE WHICH FULLY (BUT LIGHTLY) TESTS YOUR SERVICE'S ABILITY TO   !
!      USE THAT SERVICE. THINK OF IT AS A CONTINUOUS INTEGRATION TEST.         !
!!!!!!!!!!!!!!!!!!!!!!!!!!!!!!!!!!!!!!!!!!!!!!!!!!!!!!!!!!!!!!!!!!!!!!!!!!!!!!!!
!!!!!!!!!!!!!!!!!!!!!!!!!!!!!!!!!!!!!!!!!!!!!!!!!!!!!!!!!!!!!!!!!!!!!!!!!!!!!!!!
INFO  [2014-04-07 07:56:47,746] com.yammer.dropwizard.cli.ServerCommand: Starting library-service
INFO  [2014-04-07 07:56:47,748] org.eclipse.jetty.server.Server: jetty-8.1.10.v20130312
INFO  [2014-04-07 07:56:47,846] com.sun.jersey.server.impl.application.WebApplicationImpl: Initiating Jersey application, version 'Jersey: 1.17.1 02/28/2013 12:47 PM'
INFO  [2014-04-07 07:56:47,914] com.yammer.dropwizard.config.Environment: The following paths were found for the configured resources:

    DELETE  /library/v1/books/{isbn} (edu.sjsu.cmpe.library.api.resources.BookResource)
    GET     /library/v1/books/ (edu.sjsu.cmpe.library.api.resources.BookResource)
    GET     /library/v1/books/{isbn} (edu.sjsu.cmpe.library.api.resources.BookResource)
    POST    /library/v1/books (edu.sjsu.cmpe.library.api.resources.BookResource)
    PUT     /library/v1/books/{isbn} (edu.sjsu.cmpe.library.api.resources.BookResource)
    GET     /library/ (edu.sjsu.cmpe.library.ui.resources.HomeResource)
    GET     /library/v1/ (edu.sjsu.cmpe.library.api.resources.RootResource)

INFO  [2014-04-07 07:56:47,914] com.yammer.dropwizard.config.Environment: tasks = 

    POST    /tasks/gc (com.yammer.dropwizard.tasks.GarbageCollectionTask)

WARN  [2014-04-07 07:56:48,194] com.sun.jersey.spi.inject.Errors: The following warnings have been detected with resource and/or provider classes:
  WARNING: A sub-resource method, public edu.sjsu.cmpe.library.dto.BooksDto edu.sjsu.cmpe.library.api.resources.BookResource.getAllBooks(), with URI template, "/", is treated as a resource method
INFO  [2014-04-07 07:56:48,199] org.eclipse.jetty.server.AbstractConnector: Started InstrumentedBlockingChannelConnector@0.0.0.0:8001
INFO  [2014-04-07 07:56:48,201] org.eclipse.jetty.server.AbstractConnector: Started SocketConnector@0.0.0.0:9001
DEBUG [2014-04-07 08:05:39,456] edu.sjsu.cmpe.library.LibraryService: library-a - Queue name is /queue/99999.book.orders. Topic name is /topic/99999.book.*
WARN  [2014-04-07 08:05:39,475] com.yammer.dropwizard.config.ServerFactory: 
!!!!!!!!!!!!!!!!!!!!!!!!!!!!!!!!!!!!!!!!!!!!!!!!!!!!!!!!!!!!!!!!!!!!!!!!!!!!!!!!
!!!!!!!!!!!!!!!!!!!!!!!!!!!!!!!!!!!!!!!!!!!!!!!!!!!!!!!!!!!!!!!!!!!!!!!!!!!!!!!!
!    THIS SERVICE HAS NO HEALTHCHECKS. THIS MEANS YOU WILL NEVER KNOW IF IT    !
!    DIES IN PRODUCTION, WHICH MEANS YOU WILL NEVER KNOW IF YOU'RE LETTING     !
!     YOUR USERS DOWN. YOU SHOULD ADD A HEALTHCHECK FOR EACH DEPENDENCY OF     !
!     YOUR SERVICE WHICH FULLY (BUT LIGHTLY) TESTS YOUR SERVICE'S ABILITY TO   !
!      USE THAT SERVICE. THINK OF IT AS A CONTINUOUS INTEGRATION TEST.         !
!!!!!!!!!!!!!!!!!!!!!!!!!!!!!!!!!!!!!!!!!!!!!!!!!!!!!!!!!!!!!!!!!!!!!!!!!!!!!!!!
!!!!!!!!!!!!!!!!!!!!!!!!!!!!!!!!!!!!!!!!!!!!!!!!!!!!!!!!!!!!!!!!!!!!!!!!!!!!!!!!
INFO  [2014-04-07 08:05:39,540] com.yammer.dropwizard.cli.ServerCommand: Starting library-service
INFO  [2014-04-07 08:05:39,542] org.eclipse.jetty.server.Server: jetty-8.1.10.v20130312
INFO  [2014-04-07 08:05:39,617] com.sun.jersey.server.impl.application.WebApplicationImpl: Initiating Jersey application, version 'Jersey: 1.17.1 02/28/2013 12:47 PM'
INFO  [2014-04-07 08:05:39,672] com.yammer.dropwizard.config.Environment: The following paths were found for the configured resources:

    DELETE  /library/v1/books/{isbn} (edu.sjsu.cmpe.library.api.resources.BookResource)
    GET     /library/v1/books/ (edu.sjsu.cmpe.library.api.resources.BookResource)
    GET     /library/v1/books/{isbn} (edu.sjsu.cmpe.library.api.resources.BookResource)
    POST    /library/v1/books (edu.sjsu.cmpe.library.api.resources.BookResource)
    PUT     /library/v1/books/{isbn} (edu.sjsu.cmpe.library.api.resources.BookResource)
    GET     /library/ (edu.sjsu.cmpe.library.ui.resources.HomeResource)
    GET     /library/v1/ (edu.sjsu.cmpe.library.api.resources.RootResource)

INFO  [2014-04-07 08:05:39,672] com.yammer.dropwizard.config.Environment: tasks = 

    POST    /tasks/gc (com.yammer.dropwizard.tasks.GarbageCollectionTask)

WARN  [2014-04-07 08:05:39,931] com.sun.jersey.spi.inject.Errors: The following warnings have been detected with resource and/or provider classes:
  WARNING: A sub-resource method, public edu.sjsu.cmpe.library.dto.BooksDto edu.sjsu.cmpe.library.api.resources.BookResource.getAllBooks(), with URI template, "/", is treated as a resource method
INFO  [2014-04-07 08:05:39,936] org.eclipse.jetty.server.AbstractConnector: Started InstrumentedBlockingChannelConnector@0.0.0.0:8001
WARN  [2014-04-07 08:05:39,937] org.eclipse.jetty.server.AbstractConnector: insufficient threads configured for SocketConnector@0.0.0.0:9001
INFO  [2014-04-07 08:05:39,938] org.eclipse.jetty.server.AbstractConnector: Started SocketConnector@0.0.0.0:9001
DEBUG [2014-04-07 08:19:54,637] edu.sjsu.cmpe.library.LibraryService: library-a - Queue name is /queue/99999.book.orders. Topic name is /topic/99999.book.*
WARN  [2014-04-07 08:19:54,655] com.yammer.dropwizard.config.ServerFactory: 
!!!!!!!!!!!!!!!!!!!!!!!!!!!!!!!!!!!!!!!!!!!!!!!!!!!!!!!!!!!!!!!!!!!!!!!!!!!!!!!!
!!!!!!!!!!!!!!!!!!!!!!!!!!!!!!!!!!!!!!!!!!!!!!!!!!!!!!!!!!!!!!!!!!!!!!!!!!!!!!!!
!    THIS SERVICE HAS NO HEALTHCHECKS. THIS MEANS YOU WILL NEVER KNOW IF IT    !
!    DIES IN PRODUCTION, WHICH MEANS YOU WILL NEVER KNOW IF YOU'RE LETTING     !
!     YOUR USERS DOWN. YOU SHOULD ADD A HEALTHCHECK FOR EACH DEPENDENCY OF     !
!     YOUR SERVICE WHICH FULLY (BUT LIGHTLY) TESTS YOUR SERVICE'S ABILITY TO   !
!      USE THAT SERVICE. THINK OF IT AS A CONTINUOUS INTEGRATION TEST.         !
!!!!!!!!!!!!!!!!!!!!!!!!!!!!!!!!!!!!!!!!!!!!!!!!!!!!!!!!!!!!!!!!!!!!!!!!!!!!!!!!
!!!!!!!!!!!!!!!!!!!!!!!!!!!!!!!!!!!!!!!!!!!!!!!!!!!!!!!!!!!!!!!!!!!!!!!!!!!!!!!!
INFO  [2014-04-07 08:19:54,722] com.yammer.dropwizard.cli.ServerCommand: Starting library-service
INFO  [2014-04-07 08:19:54,725] org.eclipse.jetty.server.Server: jetty-8.1.10.v20130312
INFO  [2014-04-07 08:19:54,816] com.sun.jersey.server.impl.application.WebApplicationImpl: Initiating Jersey application, version 'Jersey: 1.17.1 02/28/2013 12:47 PM'
INFO  [2014-04-07 08:19:54,879] com.yammer.dropwizard.config.Environment: The following paths were found for the configured resources:

    DELETE  /library/v1/books/{isbn} (edu.sjsu.cmpe.library.api.resources.BookResource)
    GET     /library/v1/books/ (edu.sjsu.cmpe.library.api.resources.BookResource)
    GET     /library/v1/books/{isbn} (edu.sjsu.cmpe.library.api.resources.BookResource)
    POST    /library/v1/books (edu.sjsu.cmpe.library.api.resources.BookResource)
    PUT     /library/v1/books/{isbn} (edu.sjsu.cmpe.library.api.resources.BookResource)
    GET     /library/ (edu.sjsu.cmpe.library.ui.resources.HomeResource)
    GET     /library/v1/ (edu.sjsu.cmpe.library.api.resources.RootResource)

INFO  [2014-04-07 08:19:54,879] com.yammer.dropwizard.config.Environment: tasks = 

    POST    /tasks/gc (com.yammer.dropwizard.tasks.GarbageCollectionTask)

WARN  [2014-04-07 08:19:55,184] com.sun.jersey.spi.inject.Errors: The following warnings have been detected with resource and/or provider classes:
  WARNING: A sub-resource method, public edu.sjsu.cmpe.library.dto.BooksDto edu.sjsu.cmpe.library.api.resources.BookResource.getAllBooks(), with URI template, "/", is treated as a resource method
INFO  [2014-04-07 08:19:55,190] org.eclipse.jetty.server.AbstractConnector: Started InstrumentedBlockingChannelConnector@0.0.0.0:8001
INFO  [2014-04-07 08:19:55,192] org.eclipse.jetty.server.AbstractConnector: Started SocketConnector@0.0.0.0:9001
DEBUG [2014-04-07 09:14:38,059] edu.sjsu.cmpe.library.LibraryService: library-a - Queue name is /queue/99999.book.orders. Topic name is /topic/99999.book.*
WARN  [2014-04-07 09:14:38,082] com.yammer.dropwizard.config.ServerFactory: 
!!!!!!!!!!!!!!!!!!!!!!!!!!!!!!!!!!!!!!!!!!!!!!!!!!!!!!!!!!!!!!!!!!!!!!!!!!!!!!!!
!!!!!!!!!!!!!!!!!!!!!!!!!!!!!!!!!!!!!!!!!!!!!!!!!!!!!!!!!!!!!!!!!!!!!!!!!!!!!!!!
!    THIS SERVICE HAS NO HEALTHCHECKS. THIS MEANS YOU WILL NEVER KNOW IF IT    !
!    DIES IN PRODUCTION, WHICH MEANS YOU WILL NEVER KNOW IF YOU'RE LETTING     !
!     YOUR USERS DOWN. YOU SHOULD ADD A HEALTHCHECK FOR EACH DEPENDENCY OF     !
!     YOUR SERVICE WHICH FULLY (BUT LIGHTLY) TESTS YOUR SERVICE'S ABILITY TO   !
!      USE THAT SERVICE. THINK OF IT AS A CONTINUOUS INTEGRATION TEST.         !
!!!!!!!!!!!!!!!!!!!!!!!!!!!!!!!!!!!!!!!!!!!!!!!!!!!!!!!!!!!!!!!!!!!!!!!!!!!!!!!!
!!!!!!!!!!!!!!!!!!!!!!!!!!!!!!!!!!!!!!!!!!!!!!!!!!!!!!!!!!!!!!!!!!!!!!!!!!!!!!!!
INFO  [2014-04-07 09:14:38,174] com.yammer.dropwizard.cli.ServerCommand: Starting library-service
INFO  [2014-04-07 09:14:38,177] org.eclipse.jetty.server.Server: jetty-8.1.10.v20130312
INFO  [2014-04-07 09:14:38,282] com.sun.jersey.server.impl.application.WebApplicationImpl: Initiating Jersey application, version 'Jersey: 1.17.1 02/28/2013 12:47 PM'
INFO  [2014-04-07 09:14:38,359] com.yammer.dropwizard.config.Environment: The following paths were found for the configured resources:

    DELETE  /library/v1/books/{isbn} (edu.sjsu.cmpe.library.api.resources.BookResource)
    GET     /library/v1/books/ (edu.sjsu.cmpe.library.api.resources.BookResource)
    GET     /library/v1/books/{isbn} (edu.sjsu.cmpe.library.api.resources.BookResource)
    POST    /library/v1/books (edu.sjsu.cmpe.library.api.resources.BookResource)
    PUT     /library/v1/books/{isbn} (edu.sjsu.cmpe.library.api.resources.BookResource)
    GET     /library/ (edu.sjsu.cmpe.library.ui.resources.HomeResource)
    GET     /library/v1/ (edu.sjsu.cmpe.library.api.resources.RootResource)

INFO  [2014-04-07 09:14:38,359] com.yammer.dropwizard.config.Environment: tasks = 

    POST    /tasks/gc (com.yammer.dropwizard.tasks.GarbageCollectionTask)

DEBUG [2014-04-07 09:14:38,363] edu.sjsu.cmpe.library.LibraryService: library-a - Queue name is /queue/99999.book.orders. Topic name is /topic/99999.book.*
WARN  [2014-04-07 09:14:38,389] com.yammer.dropwizard.config.ServerFactory: 
!!!!!!!!!!!!!!!!!!!!!!!!!!!!!!!!!!!!!!!!!!!!!!!!!!!!!!!!!!!!!!!!!!!!!!!!!!!!!!!!
!!!!!!!!!!!!!!!!!!!!!!!!!!!!!!!!!!!!!!!!!!!!!!!!!!!!!!!!!!!!!!!!!!!!!!!!!!!!!!!!
!    THIS SERVICE HAS NO HEALTHCHECKS. THIS MEANS YOU WILL NEVER KNOW IF IT    !
!    DIES IN PRODUCTION, WHICH MEANS YOU WILL NEVER KNOW IF YOU'RE LETTING     !
!     YOUR USERS DOWN. YOU SHOULD ADD A HEALTHCHECK FOR EACH DEPENDENCY OF     !
!     YOUR SERVICE WHICH FULLY (BUT LIGHTLY) TESTS YOUR SERVICE'S ABILITY TO   !
!      USE THAT SERVICE. THINK OF IT AS A CONTINUOUS INTEGRATION TEST.         !
!!!!!!!!!!!!!!!!!!!!!!!!!!!!!!!!!!!!!!!!!!!!!!!!!!!!!!!!!!!!!!!!!!!!!!!!!!!!!!!!
!!!!!!!!!!!!!!!!!!!!!!!!!!!!!!!!!!!!!!!!!!!!!!!!!!!!!!!!!!!!!!!!!!!!!!!!!!!!!!!!
INFO  [2014-04-07 09:14:38,491] com.yammer.dropwizard.cli.ServerCommand: Starting library-service
INFO  [2014-04-07 09:14:38,494] org.eclipse.jetty.server.Server: jetty-8.1.10.v20130312
INFO  [2014-04-07 09:14:38,617] com.sun.jersey.server.impl.application.WebApplicationImpl: Initiating Jersey application, version 'Jersey: 1.17.1 02/28/2013 12:47 PM'
INFO  [2014-04-07 09:14:38,733] com.yammer.dropwizard.config.Environment: The following paths were found for the configured resources:

    DELETE  /library/v1/books/{isbn} (edu.sjsu.cmpe.library.api.resources.BookResource)
    GET     /library/v1/books/ (edu.sjsu.cmpe.library.api.resources.BookResource)
    GET     /library/v1/books/{isbn} (edu.sjsu.cmpe.library.api.resources.BookResource)
    POST    /library/v1/books (edu.sjsu.cmpe.library.api.resources.BookResource)
    PUT     /library/v1/books/{isbn} (edu.sjsu.cmpe.library.api.resources.BookResource)
    GET     /library/ (edu.sjsu.cmpe.library.ui.resources.HomeResource)
    GET     /library/v1/ (edu.sjsu.cmpe.library.api.resources.RootResource)

INFO  [2014-04-07 09:14:38,734] com.yammer.dropwizard.config.Environment: tasks = 

    POST    /tasks/gc (com.yammer.dropwizard.tasks.GarbageCollectionTask)

WARN  [2014-04-07 09:14:38,787] com.sun.jersey.spi.inject.Errors: The following warnings have been detected with resource and/or provider classes:
  WARNING: A sub-resource method, public edu.sjsu.cmpe.library.dto.BooksDto edu.sjsu.cmpe.library.api.resources.BookResource.getAllBooks(), with URI template, "/", is treated as a resource method
INFO  [2014-04-07 09:14:38,793] org.eclipse.jetty.server.AbstractConnector: Started InstrumentedBlockingChannelConnector@0.0.0.0:8001
WARN  [2014-04-07 09:14:38,797] org.eclipse.jetty.server.AbstractConnector: insufficient threads configured for SocketConnector@0.0.0.0:9001
INFO  [2014-04-07 09:14:38,797] org.eclipse.jetty.server.AbstractConnector: Started SocketConnector@0.0.0.0:9001
WARN  [2014-04-07 09:14:39,138] com.sun.jersey.spi.inject.Errors: The following warnings have been detected with resource and/or provider classes:
  WARNING: A sub-resource method, public edu.sjsu.cmpe.library.dto.BooksDto edu.sjsu.cmpe.library.api.resources.BookResource.getAllBooks(), with URI template, "/", is treated as a resource method
WARN  [2014-04-07 09:14:39,157] org.eclipse.jetty.util.component.AbstractLifeCycle: FAILED InstrumentedBlockingChannelConnector@0.0.0.0:8001: java.net.BindException: Address already in use: bind
! java.net.BindException: Address already in use: bind
! at sun.nio.ch.Net.bind0(Native Method) ~[na:1.7.0-ea]
! at sun.nio.ch.Net.bind(Net.java:324) ~[na:1.7.0-ea]
! at sun.nio.ch.Net.bind(Net.java:316) ~[na:1.7.0-ea]
! at sun.nio.ch.ServerSocketChannelImpl.bind(ServerSocketChannelImpl.java:196) ~[na:1.7.0-ea]
! at sun.nio.ch.ServerSocketAdaptor.bind(ServerSocketAdaptor.java:74) ~[na:1.7.0-ea]
! at org.eclipse.jetty.server.nio.BlockingChannelConnector.open(BlockingChannelConnector.java:127) ~[jetty-server-8.1.10.v20130312.jar:8.1.10.v20130312]
! at org.eclipse.jetty.server.AbstractConnector.doStart(AbstractConnector.java:316) ~[jetty-server-8.1.10.v20130312.jar:8.1.10.v20130312]
! at org.eclipse.jetty.server.nio.BlockingChannelConnector.doStart(BlockingChannelConnector.java:85) ~[jetty-server-8.1.10.v20130312.jar:8.1.10.v20130312]
! at org.eclipse.jetty.util.component.AbstractLifeCycle.start(AbstractLifeCycle.java:64) [jetty-util-8.1.10.v20130312.jar:8.1.10.v20130312]
! at org.eclipse.jetty.server.Server.doStart(Server.java:291) [jetty-server-8.1.10.v20130312.jar:8.1.10.v20130312]
! at org.eclipse.jetty.util.component.AbstractLifeCycle.start(AbstractLifeCycle.java:64) [jetty-util-8.1.10.v20130312.jar:8.1.10.v20130312]
! at com.yammer.dropwizard.cli.ServerCommand.run(ServerCommand.java:48) [dropwizard-core-0.6.2.jar:na]
! at com.yammer.dropwizard.cli.EnvironmentCommand.run(EnvironmentCommand.java:39) [dropwizard-core-0.6.2.jar:na]
! at com.yammer.dropwizard.cli.ConfiguredCommand.run(ConfiguredCommand.java:58) [dropwizard-core-0.6.2.jar:na]
! at com.yammer.dropwizard.cli.Cli.run(Cli.java:53) [dropwizard-core-0.6.2.jar:na]
! at com.yammer.dropwizard.Service.run(Service.java:61) [dropwizard-core-0.6.2.jar:na]
! at edu.sjsu.cmpe.library.LibraryService.main(LibraryService.java:59) [classes/:na]
WARN  [2014-04-07 09:14:39,158] org.eclipse.jetty.util.component.AbstractLifeCycle: FAILED SocketConnector@0.0.0.0:9001: java.net.BindException: Address already in use: JVM_Bind
! java.net.BindException: Address already in use: JVM_Bind
! at java.net.DualStackPlainSocketImpl.bind0(Native Method) ~[na:1.7.0-ea]
! at java.net.DualStackPlainSocketImpl.socketBind(DualStackPlainSocketImpl.java:96) ~[na:1.7.0-ea]
! at java.net.AbstractPlainSocketImpl.bind(AbstractPlainSocketImpl.java:353) ~[na:1.7.0-ea]
! at java.net.PlainSocketImpl.bind(PlainSocketImpl.java:172) ~[na:1.7.0-ea]
! at java.net.ServerSocket.bind(ServerSocket.java:367) ~[na:1.7.0-ea]
! at java.net.ServerSocket.<init>(ServerSocket.java:228) ~[na:1.7.0-ea]
! at java.net.ServerSocket.<init>(ServerSocket.java:172) ~[na:1.7.0-ea]
! at org.eclipse.jetty.server.bio.SocketConnector.newServerSocket(SocketConnector.java:96) ~[jetty-server-8.1.10.v20130312.jar:8.1.10.v20130312]
! at org.eclipse.jetty.server.bio.SocketConnector.open(SocketConnector.java:85) ~[jetty-server-8.1.10.v20130312.jar:8.1.10.v20130312]
! at org.eclipse.jetty.server.AbstractConnector.doStart(AbstractConnector.java:316) ~[jetty-server-8.1.10.v20130312.jar:8.1.10.v20130312]
! at org.eclipse.jetty.server.bio.SocketConnector.doStart(SocketConnector.java:156) ~[jetty-server-8.1.10.v20130312.jar:8.1.10.v20130312]
! at org.eclipse.jetty.util.component.AbstractLifeCycle.start(AbstractLifeCycle.java:64) [jetty-util-8.1.10.v20130312.jar:8.1.10.v20130312]
! at org.eclipse.jetty.server.Server.doStart(Server.java:291) [jetty-server-8.1.10.v20130312.jar:8.1.10.v20130312]
! at org.eclipse.jetty.util.component.AbstractLifeCycle.start(AbstractLifeCycle.java:64) [jetty-util-8.1.10.v20130312.jar:8.1.10.v20130312]
! at com.yammer.dropwizard.cli.ServerCommand.run(ServerCommand.java:48) [dropwizard-core-0.6.2.jar:na]
! at com.yammer.dropwizard.cli.EnvironmentCommand.run(EnvironmentCommand.java:39) [dropwizard-core-0.6.2.jar:na]
! at com.yammer.dropwizard.cli.ConfiguredCommand.run(ConfiguredCommand.java:58) [dropwizard-core-0.6.2.jar:na]
! at com.yammer.dropwizard.cli.Cli.run(Cli.java:53) [dropwizard-core-0.6.2.jar:na]
! at com.yammer.dropwizard.Service.run(Service.java:61) [dropwizard-core-0.6.2.jar:na]
! at edu.sjsu.cmpe.library.LibraryService.main(LibraryService.java:59) [classes/:na]
WARN  [2014-04-07 09:14:39,159] org.eclipse.jetty.util.component.AbstractLifeCycle: FAILED org.eclipse.jetty.server.Server@8825a5: MultiException[java.net.BindException: Address already in use: bind, java.net.BindException: Address already in use: JVM_Bind]
! org.eclipse.jetty.util.MultiException: Multiple exceptions
! at org.eclipse.jetty.server.Server.doStart(Server.java:273) ~[jetty-server-8.1.10.v20130312.jar:8.1.10.v20130312]
! at org.eclipse.jetty.util.component.AbstractLifeCycle.start(AbstractLifeCycle.java:64) ~[jetty-util-8.1.10.v20130312.jar:8.1.10.v20130312]
! at com.yammer.dropwizard.cli.ServerCommand.run(ServerCommand.java:48) [dropwizard-core-0.6.2.jar:na]
! at com.yammer.dropwizard.cli.EnvironmentCommand.run(EnvironmentCommand.java:39) [dropwizard-core-0.6.2.jar:na]
! at com.yammer.dropwizard.cli.ConfiguredCommand.run(ConfiguredCommand.java:58) [dropwizard-core-0.6.2.jar:na]
! at com.yammer.dropwizard.cli.Cli.run(Cli.java:53) [dropwizard-core-0.6.2.jar:na]
! at com.yammer.dropwizard.Service.run(Service.java:61) [dropwizard-core-0.6.2.jar:na]
! at edu.sjsu.cmpe.library.LibraryService.main(LibraryService.java:59) [classes/:na]
ERROR [2014-04-07 09:14:39,159] com.yammer.dropwizard.cli.ServerCommand: Unable to start server, shutting down
! org.eclipse.jetty.util.MultiException: Multiple exceptions
! at org.eclipse.jetty.server.Server.doStart(Server.java:273) ~[jetty-server-8.1.10.v20130312.jar:8.1.10.v20130312]
! at org.eclipse.jetty.util.component.AbstractLifeCycle.start(AbstractLifeCycle.java:64) ~[jetty-util-8.1.10.v20130312.jar:8.1.10.v20130312]
! at com.yammer.dropwizard.cli.ServerCommand.run(ServerCommand.java:48) ~[dropwizard-core-0.6.2.jar:na]
! at com.yammer.dropwizard.cli.EnvironmentCommand.run(EnvironmentCommand.java:39) [dropwizard-core-0.6.2.jar:na]
! at com.yammer.dropwizard.cli.ConfiguredCommand.run(ConfiguredCommand.java:58) [dropwizard-core-0.6.2.jar:na]
! at com.yammer.dropwizard.cli.Cli.run(Cli.java:53) [dropwizard-core-0.6.2.jar:na]
! at com.yammer.dropwizard.Service.run(Service.java:61) [dropwizard-core-0.6.2.jar:na]
! at edu.sjsu.cmpe.library.LibraryService.main(LibraryService.java:59) [classes/:na]
INFO  [2014-04-07 09:14:39,159] org.eclipse.jetty.server.Server: Graceful shutdown SocketConnector@0.0.0.0:9001
INFO  [2014-04-07 09:14:39,159] org.eclipse.jetty.server.Server: Graceful shutdown InstrumentedBlockingChannelConnector@0.0.0.0:8001
INFO  [2014-04-07 09:14:39,159] org.eclipse.jetty.server.Server: Graceful shutdown o.e.j.s.ServletContextHandler{/,null}
INFO  [2014-04-07 09:14:39,159] org.eclipse.jetty.server.Server: Graceful shutdown o.e.j.s.ServletContextHandler{/,file:/C:/Users/Sony/Documents/GitHub/cmpe273-assignment2/library/target/classes/}
INFO  [2014-04-07 09:14:41,160] org.eclipse.jetty.server.handler.ContextHandler: stopped o.e.j.s.ServletContextHandler{/,file:/C:/Users/Sony/Documents/GitHub/cmpe273-assignment2/library/target/classes/}
INFO  [2014-04-07 09:14:41,160] org.eclipse.jetty.server.handler.ContextHandler: stopped o.e.j.s.ServletContextHandler{/,null}
DEBUG [2014-04-07 09:23:48,449] edu.sjsu.cmpe.library.LibraryService: library-a - Queue name is /queue/99999.book.orders. Topic name is /topic/99999.book.*
WARN  [2014-04-07 09:23:48,467] com.yammer.dropwizard.config.ServerFactory: 
!!!!!!!!!!!!!!!!!!!!!!!!!!!!!!!!!!!!!!!!!!!!!!!!!!!!!!!!!!!!!!!!!!!!!!!!!!!!!!!!
!!!!!!!!!!!!!!!!!!!!!!!!!!!!!!!!!!!!!!!!!!!!!!!!!!!!!!!!!!!!!!!!!!!!!!!!!!!!!!!!
!    THIS SERVICE HAS NO HEALTHCHECKS. THIS MEANS YOU WILL NEVER KNOW IF IT    !
!    DIES IN PRODUCTION, WHICH MEANS YOU WILL NEVER KNOW IF YOU'RE LETTING     !
!     YOUR USERS DOWN. YOU SHOULD ADD A HEALTHCHECK FOR EACH DEPENDENCY OF     !
!     YOUR SERVICE WHICH FULLY (BUT LIGHTLY) TESTS YOUR SERVICE'S ABILITY TO   !
!      USE THAT SERVICE. THINK OF IT AS A CONTINUOUS INTEGRATION TEST.         !
!!!!!!!!!!!!!!!!!!!!!!!!!!!!!!!!!!!!!!!!!!!!!!!!!!!!!!!!!!!!!!!!!!!!!!!!!!!!!!!!
!!!!!!!!!!!!!!!!!!!!!!!!!!!!!!!!!!!!!!!!!!!!!!!!!!!!!!!!!!!!!!!!!!!!!!!!!!!!!!!!
INFO  [2014-04-07 09:23:48,535] com.yammer.dropwizard.cli.ServerCommand: Starting library-service
INFO  [2014-04-07 09:23:48,537] org.eclipse.jetty.server.Server: jetty-8.1.10.v20130312
INFO  [2014-04-07 09:23:48,628] com.sun.jersey.server.impl.application.WebApplicationImpl: Initiating Jersey application, version 'Jersey: 1.17.1 02/28/2013 12:47 PM'
INFO  [2014-04-07 09:23:48,704] com.yammer.dropwizard.config.Environment: The following paths were found for the configured resources:

    DELETE  /library/v1/books/{isbn} (edu.sjsu.cmpe.library.api.resources.BookResource)
    GET     /library/v1/books/ (edu.sjsu.cmpe.library.api.resources.BookResource)
    GET     /library/v1/books/{isbn} (edu.sjsu.cmpe.library.api.resources.BookResource)
    POST    /library/v1/books (edu.sjsu.cmpe.library.api.resources.BookResource)
    PUT     /library/v1/books/{isbn} (edu.sjsu.cmpe.library.api.resources.BookResource)
    GET     /library/ (edu.sjsu.cmpe.library.ui.resources.HomeResource)
    GET     /library/v1/ (edu.sjsu.cmpe.library.api.resources.RootResource)

INFO  [2014-04-07 09:23:48,705] com.yammer.dropwizard.config.Environment: tasks = 

    POST    /tasks/gc (com.yammer.dropwizard.tasks.GarbageCollectionTask)

WARN  [2014-04-07 09:23:48,991] com.sun.jersey.spi.inject.Errors: The following warnings have been detected with resource and/or provider classes:
  WARNING: A sub-resource method, public edu.sjsu.cmpe.library.dto.BooksDto edu.sjsu.cmpe.library.api.resources.BookResource.getAllBooks(), with URI template, "/", is treated as a resource method
INFO  [2014-04-07 09:23:48,995] org.eclipse.jetty.server.AbstractConnector: Started InstrumentedBlockingChannelConnector@0.0.0.0:8001
INFO  [2014-04-07 09:23:48,997] org.eclipse.jetty.server.AbstractConnector: Started SocketConnector@0.0.0.0:9001
DEBUG [2014-04-07 09:31:14,133] edu.sjsu.cmpe.library.LibraryService: library-a - Queue name is /queue/99999.book.orders. Topic name is /topic/99999.book.*
WARN  [2014-04-07 09:31:14,152] com.yammer.dropwizard.config.ServerFactory: 
!!!!!!!!!!!!!!!!!!!!!!!!!!!!!!!!!!!!!!!!!!!!!!!!!!!!!!!!!!!!!!!!!!!!!!!!!!!!!!!!
!!!!!!!!!!!!!!!!!!!!!!!!!!!!!!!!!!!!!!!!!!!!!!!!!!!!!!!!!!!!!!!!!!!!!!!!!!!!!!!!
!    THIS SERVICE HAS NO HEALTHCHECKS. THIS MEANS YOU WILL NEVER KNOW IF IT    !
!    DIES IN PRODUCTION, WHICH MEANS YOU WILL NEVER KNOW IF YOU'RE LETTING     !
!     YOUR USERS DOWN. YOU SHOULD ADD A HEALTHCHECK FOR EACH DEPENDENCY OF     !
!     YOUR SERVICE WHICH FULLY (BUT LIGHTLY) TESTS YOUR SERVICE'S ABILITY TO   !
!      USE THAT SERVICE. THINK OF IT AS A CONTINUOUS INTEGRATION TEST.         !
!!!!!!!!!!!!!!!!!!!!!!!!!!!!!!!!!!!!!!!!!!!!!!!!!!!!!!!!!!!!!!!!!!!!!!!!!!!!!!!!
!!!!!!!!!!!!!!!!!!!!!!!!!!!!!!!!!!!!!!!!!!!!!!!!!!!!!!!!!!!!!!!!!!!!!!!!!!!!!!!!
INFO  [2014-04-07 09:31:14,221] com.yammer.dropwizard.cli.ServerCommand: Starting library-service
INFO  [2014-04-07 09:31:14,224] org.eclipse.jetty.server.Server: jetty-8.1.10.v20130312
INFO  [2014-04-07 09:31:14,318] com.sun.jersey.server.impl.application.WebApplicationImpl: Initiating Jersey application, version 'Jersey: 1.17.1 02/28/2013 12:47 PM'
INFO  [2014-04-07 09:31:14,378] com.yammer.dropwizard.config.Environment: The following paths were found for the configured resources:

    DELETE  /library/v1/books/{isbn} (edu.sjsu.cmpe.library.api.resources.BookResource)
    GET     /library/v1/books/ (edu.sjsu.cmpe.library.api.resources.BookResource)
    GET     /library/v1/books/{isbn} (edu.sjsu.cmpe.library.api.resources.BookResource)
    POST    /library/v1/books (edu.sjsu.cmpe.library.api.resources.BookResource)
    PUT     /library/v1/books/{isbn} (edu.sjsu.cmpe.library.api.resources.BookResource)
    GET     /library/ (edu.sjsu.cmpe.library.ui.resources.HomeResource)
    GET     /library/v1/ (edu.sjsu.cmpe.library.api.resources.RootResource)

INFO  [2014-04-07 09:31:14,378] com.yammer.dropwizard.config.Environment: tasks = 

    POST    /tasks/gc (com.yammer.dropwizard.tasks.GarbageCollectionTask)

WARN  [2014-04-07 09:31:14,681] com.sun.jersey.spi.inject.Errors: The following warnings have been detected with resource and/or provider classes:
  WARNING: A sub-resource method, public edu.sjsu.cmpe.library.dto.BooksDto edu.sjsu.cmpe.library.api.resources.BookResource.getAllBooks(), with URI template, "/", is treated as a resource method
INFO  [2014-04-07 09:31:14,686] org.eclipse.jetty.server.AbstractConnector: Started InstrumentedBlockingChannelConnector@0.0.0.0:8001
INFO  [2014-04-07 09:31:14,689] org.eclipse.jetty.server.AbstractConnector: Started SocketConnector@0.0.0.0:9001
DEBUG [2014-04-07 16:11:59,414] edu.sjsu.cmpe.library.LibraryService: library-a - Queue name is /queue/99999.book.orders. Topic name is /topic/99999.book.*
WARN  [2014-04-07 16:11:59,737] com.yammer.dropwizard.config.ServerFactory: 
!!!!!!!!!!!!!!!!!!!!!!!!!!!!!!!!!!!!!!!!!!!!!!!!!!!!!!!!!!!!!!!!!!!!!!!!!!!!!!!!
!!!!!!!!!!!!!!!!!!!!!!!!!!!!!!!!!!!!!!!!!!!!!!!!!!!!!!!!!!!!!!!!!!!!!!!!!!!!!!!!
!    THIS SERVICE HAS NO HEALTHCHECKS. THIS MEANS YOU WILL NEVER KNOW IF IT    !
!    DIES IN PRODUCTION, WHICH MEANS YOU WILL NEVER KNOW IF YOU'RE LETTING     !
!     YOUR USERS DOWN. YOU SHOULD ADD A HEALTHCHECK FOR EACH DEPENDENCY OF     !
!     YOUR SERVICE WHICH FULLY (BUT LIGHTLY) TESTS YOUR SERVICE'S ABILITY TO   !
!      USE THAT SERVICE. THINK OF IT AS A CONTINUOUS INTEGRATION TEST.         !
!!!!!!!!!!!!!!!!!!!!!!!!!!!!!!!!!!!!!!!!!!!!!!!!!!!!!!!!!!!!!!!!!!!!!!!!!!!!!!!!
!!!!!!!!!!!!!!!!!!!!!!!!!!!!!!!!!!!!!!!!!!!!!!!!!!!!!!!!!!!!!!!!!!!!!!!!!!!!!!!!
INFO  [2014-04-07 16:12:00,215] com.yammer.dropwizard.cli.ServerCommand: Starting library-service
INFO  [2014-04-07 16:12:00,228] org.eclipse.jetty.server.Server: jetty-8.1.10.v20130312
INFO  [2014-04-07 16:12:00,854] com.sun.jersey.server.impl.application.WebApplicationImpl: Initiating Jersey application, version 'Jersey: 1.17.1 02/28/2013 12:47 PM'
INFO  [2014-04-07 16:12:01,108] com.yammer.dropwizard.config.Environment: The following paths were found for the configured resources:

    DELETE  /library/v1/books/{isbn} (edu.sjsu.cmpe.library.api.resources.BookResource)
    GET     /library/v1/books/ (edu.sjsu.cmpe.library.api.resources.BookResource)
    GET     /library/v1/books/{isbn} (edu.sjsu.cmpe.library.api.resources.BookResource)
    POST    /library/v1/books (edu.sjsu.cmpe.library.api.resources.BookResource)
    PUT     /library/v1/books/{isbn} (edu.sjsu.cmpe.library.api.resources.BookResource)
    GET     /library/ (edu.sjsu.cmpe.library.ui.resources.HomeResource)
    GET     /library/v1/ (edu.sjsu.cmpe.library.api.resources.RootResource)

INFO  [2014-04-07 16:12:01,109] com.yammer.dropwizard.config.Environment: tasks = 

    POST    /tasks/gc (com.yammer.dropwizard.tasks.GarbageCollectionTask)

WARN  [2014-04-07 16:12:02,069] com.sun.jersey.spi.inject.Errors: The following warnings have been detected with resource and/or provider classes:
  WARNING: A sub-resource method, public edu.sjsu.cmpe.library.dto.BooksDto edu.sjsu.cmpe.library.api.resources.BookResource.getAllBooks(), with URI template, "/", is treated as a resource method
INFO  [2014-04-07 16:12:02,094] org.eclipse.jetty.server.AbstractConnector: Started InstrumentedBlockingChannelConnector@0.0.0.0:8001
INFO  [2014-04-07 16:12:02,096] org.eclipse.jetty.server.AbstractConnector: Started SocketConnector@0.0.0.0:9001
